     1                                  bits 32 ; assembling for the 32 bits architecture
     2                                  
     3                                  ; declare the EntryPoint (a label defining the very first instruction of the program)
     4                                  global start        
     5                                  
     6                                  ; declare external functions needed by our program
     7                                  extern exit               ; tell nasm that exit exists even if we won't be defining it
     8                                  import exit msvcrt.dll    ; exit is a function that ends the calling process. It is defined in msvcrt.dll
     9                                                            ; msvcrt.dll contains exit, printf and all the other important C-runtime specific functions
    10                                  
    11                                  ; our data is declared here (the variables needed by our program)
    12                                  segment data use32 class=data
    13 00000000 0A                          a  db 10
    14 00000001 2800                    	b  dw 40
    15                                  segment  code use32 class=code ; segmentul de cod
    16                                  start: 
    17 00000000 66A1[01000000]          	mov  AX, [b] ;AX = b
    18 00000006 F635[00000000]          	div  BYTE [a] ;AL = AX / a = b / a și AH = AX % a = b % a
    19                                  	
    20 0000000C B402                    	mov  AH, 2 ;AH = 2
    21 0000000E F6E4                    	mul  AH ;AX = AL * AH = b / a * 2	
    22                                  	
    23 00000010 6683C00A                	add  AX, 10 ;AX = AX + b = b / a * 2 + 10
    24                                  	
    25 00000014 66F725[01000000]        	mul  word [b] ;DX:AX = AX * b = (b / a * 2 + 10) * b
    26                                  	
    27 0000001B 6652                    	push  DX ;se pune pe stiva partea high din double word-ul DX:AX
    28 0000001D 6650                    	push  AX ;se pune pe stiva partea low din double word-ul DX:AX
    29 0000001F 5B                      	pop  EBX ;EBX = DX:AX = (b / a * 2 + 10) * b
    30                                  	
    31 00000020 66A1[01000000]          	mov  AX, [b] ;AX = b
    32 00000026 66BA0F00                	mov  DX, 15 ;DX = 15
    33 0000002A 66F7E2                  	mul  DX ;DX:AX = b * 15
    34                                  	
    35 0000002D 6652                    	push  DX ;se pune pe stiva partea high din double word-ul DX:AX
    36 0000002F 6650                    	push  AX ;se pune pe stiva partea low din double word-ul DX:AX
    37 00000031 58                      	pop  EAX ;EAX = DX:AX = b * 15
    38                                  	
    39 00000032 29C3                    	sub  EBX, EAX ;EBX = EBX - EAX = (b / a * 2 + 10) * b - b * 15
    40                                  	
    41 00000034 6A00                    	push   dword 0 ;se pune pe stiva codul de retur al functiei exit
    42 00000036 FF15[00000000]          	call   [exit] ;apelul functiei sistem exit pentru terminarea executiei programului	
