     1                                  bits 32 ; assembling for the 32 bits architecture
     2                                  
     3                                  ; declare the EntryPoint (a label defining the very first instruction of the program)
     4                                  global start        
     5                                  
     6                                  ; declare external functions needed by our program
     7                                  extern exit, printf     ; tell nasm that exit exists even if we won't be defining it
     8                                  import exit msvcrt.dll    ; exit is a function that ends the calling process. It is defined in msvcrt.dll
     9                                                            ; msvcrt.dll contains exit, printf and all the other important C-runtime specific functions
    10                                  import printf msvcrt.dll
    11                                  
    12                                  ; our data is declared here (the variables needed by our program)
    13                                  segment data use32 class=data
    14 00000000 2048656C6C6F20576F-         mymsg db " Hello World!", 10, 13, 0;
    14 00000009 726C64210A0D00     
    15                                      ; ...
    16                                  
    17                                  ; our code starts here
    18                                  segment code use32 class=code
    19                                      start:
    20                                          ; ...
    21                                      
    22                                          ; exit(0)
    23 00000000 68[00000000]                    push    dword mymsg      ; push the parameter for exit onto the stack
    24 00000005 FF15[00000000]                  call [printf];
    25 0000000B 83C404                          add esp, 4  ; free stack
    26 0000000E 6A00                            push dword 0;
    27 00000010 FF15[00000000]                  call    [exit]       ; call exit to terminate the program
