     1                                  bits 32 ; assembling for the 32 bits architecture
     2                                  
     3                                  ; declare the EntryPoint (a label defining the very first instruction of the program)
     4                                  global start        
     5                                  
     6                                  ; declare external functions needed by our program
     7                                  extern exit               ; tell nasm that exit exists even if we won't be defining it
     8                                  import exit msvcrt.dll    ; exit is a function that ends the calling process. It is defined in msvcrt.dll
     9                                                            ; msvcrt.dll contains exit, printf and all the other important C-runtime specific functions
    10                                  
    11                                  ; our data is declared here (the variables needed by our program)
    12                                  segment data use32 class=data
    13                                      ; ...
    14 00000000 0F                          a db 15
    15 00000001 05                          b db 5
    16 00000002 05                          c db 5
    17 00000003 09                          d db 9
    18                                  ; our code starts here
    19                                  segment code use32 class=code
    20                                      start:
    21                                          ; ...
    22 00000000 A0[00000000]                    mov al, [a]
    23 00000005 0205[00000000]                  add al, [a]
    24 0000000B 2A05[02000000]                  sub al, [c]
    25 00000011 2A05[01000000]                  sub al, [b]
    26 00000017 2A05[01000000]                  sub al, [b]
    27 0000001D 2A05[01000000]                  sub al, [b]
    28 00000023 2A05[03000000]                  sub al, [d]
    29                                          ; exit(0)
    30 00000029 6A00                            push    dword 0      ; push the parameter for exit onto the stack
    31 0000002B FF15[00000000]                  call    [exit]       ; call exit to terminate the program
